[2024-03-11 14:15:30] local.ERROR: SQLSTATE[HY000] [1045] Access denied for user 'root'@'localhost' (using password: NO) (SQL: select * from `permissions`) {"exception":"[object] (Illuminate\\Database\\QueryException(code: 1045): SQLSTATE[HY000] [1045] Access denied for user 'root'@'localhost' (using password: NO) (SQL: select * from `permissions`) at /home/u932256864/domains/b2bdigitize.com/public_html/salary/vendor/laravel/framework/src/Illuminate/Database/Connection.php:712)
[stacktrace]
#0 /home/u932256864/domains/b2bdigitize.com/public_html/salary/vendor/laravel/framework/src/Illuminate/Database/Connection.php(672): Illuminate\\Database\\Connection->runQueryCallback()
#1 /home/u932256864/domains/b2bdigitize.com/public_html/salary/vendor/laravel/framework/src/Illuminate/Database/Connection.php(359): Illuminate\\Database\\Connection->run()
#2 /home/u932256864/domains/b2bdigitize.com/public_html/salary/vendor/laravel/framework/src/Illuminate/Database/Query/Builder.php(2413): Illuminate\\Database\\Connection->select()
#3 /home/u932256864/domains/b2bdigitize.com/public_html/salary/vendor/laravel/framework/src/Illuminate/Database/Query/Builder.php(2402): Illuminate\\Database\\Query\\Builder->runSelect()
#4 /home/u932256864/domains/b2bdigitize.com/public_html/salary/vendor/laravel/framework/src/Illuminate/Database/Query/Builder.php(2936): Illuminate\\Database\\Query\\Builder->Illuminate\\Database\\Query\\{closure}()
#5 /home/u932256864/domains/b2bdigitize.com/public_html/salary/vendor/laravel/framework/src/Illuminate/Database/Query/Builder.php(2401): Illuminate\\Database\\Query\\Builder->onceWithColumns()
#6 /home/u932256864/domains/b2bdigitize.com/public_html/salary/vendor/laravel/framework/src/Illuminate/Database/Eloquent/Builder.php(625): Illuminate\\Database\\Query\\Builder->get()
#7 /home/u932256864/domains/b2bdigitize.com/public_html/salary/vendor/laravel/framework/src/Illuminate/Database/Eloquent/Builder.php(609): Illuminate\\Database\\Eloquent\\Builder->getModels()
#8 /home/u932256864/domains/b2bdigitize.com/public_html/salary/vendor/laravel/framework/src/Illuminate/Support/Traits/ForwardsCalls.php(23): Illuminate\\Database\\Eloquent\\Builder->get()
#9 /home/u932256864/domains/b2bdigitize.com/public_html/salary/vendor/laravel/framework/src/Illuminate/Database/Eloquent/Model.php(2132): Illuminate\\Database\\Eloquent\\Model->forwardCallTo()
#10 /home/u932256864/domains/b2bdigitize.com/public_html/salary/vendor/laravel/framework/src/Illuminate/Database/Eloquent/Model.php(2144): Illuminate\\Database\\Eloquent\\Model->__call()
#11 /home/u932256864/domains/b2bdigitize.com/public_html/salary/app/Providers/PermissionsServiceProvider.php(29): Illuminate\\Database\\Eloquent\\Model::__callStatic()
#12 /home/u932256864/domains/b2bdigitize.com/public_html/salary/vendor/laravel/framework/src/Illuminate/Container/BoundMethod.php(36): App\\Providers\\PermissionsServiceProvider->boot()
#13 /home/u932256864/domains/b2bdigitize.com/public_html/salary/vendor/laravel/framework/src/Illuminate/Container/Util.php(40): Illuminate\\Container\\BoundMethod::Illuminate\\Container\\{closure}()
#14 /home/u932256864/domains/b2bdigitize.com/public_html/salary/vendor/laravel/framework/src/Illuminate/Container/BoundMethod.php(93): Illuminate\\Container\\Util::unwrapIfClosure()
#15 /home/u932256864/domains/b2bdigitize.com/public_html/salary/vendor/laravel/framework/src/Illuminate/Container/BoundMethod.php(35): Illuminate\\Container\\BoundMethod::callBoundMethod()
#16 /home/u932256864/domains/b2bdigitize.com/public_html/salary/vendor/laravel/framework/src/Illuminate/Container/Container.php(653): Illuminate\\Container\\BoundMethod::call()
#17 /home/u932256864/domains/b2bdigitize.com/public_html/salary/vendor/laravel/framework/src/Illuminate/Foundation/Application.php(924): Illuminate\\Container\\Container->call()
#18 /home/u932256864/domains/b2bdigitize.com/public_html/salary/vendor/laravel/framework/src/Illuminate/Foundation/Application.php(905): Illuminate\\Foundation\\Application->bootProvider()
#19 [internal function]: Illuminate\\Foundation\\Application->Illuminate\\Foundation\\{closure}()
#20 /home/u932256864/domains/b2bdigitize.com/public_html/salary/vendor/laravel/framework/src/Illuminate/Foundation/Application.php(904): array_walk()
#21 /home/u932256864/domains/b2bdigitize.com/public_html/salary/vendor/laravel/framework/src/Illuminate/Foundation/Bootstrap/BootProviders.php(17): Illuminate\\Foundation\\Application->boot()
#22 /home/u932256864/domains/b2bdigitize.com/public_html/salary/vendor/laravel/framework/src/Illuminate/Foundation/Application.php(237): Illuminate\\Foundation\\Bootstrap\\BootProviders->bootstrap()
#23 /home/u932256864/domains/b2bdigitize.com/public_html/salary/vendor/laravel/framework/src/Illuminate/Foundation/Console/Kernel.php(310): Illuminate\\Foundation\\Application->bootstrapWith()
#24 /home/u932256864/domains/b2bdigitize.com/public_html/salary/vendor/laravel/framework/src/Illuminate/Foundation/Console/Kernel.php(127): Illuminate\\Foundation\\Console\\Kernel->bootstrap()
#25 /home/u932256864/domains/b2bdigitize.com/public_html/salary/artisan(35): Illuminate\\Foundation\\Console\\Kernel->handle()
#26 {main}

[previous exception] [object] (PDOException(code: 1045): SQLSTATE[HY000] [1045] Access denied for user 'root'@'localhost' (using password: NO) at /home/u932256864/domains/b2bdigitize.com/public_html/salary/vendor/laravel/framework/src/Illuminate/Database/Connectors/Connector.php:70)
[stacktrace]
#0 /home/u932256864/domains/b2bdigitize.com/public_html/salary/vendor/laravel/framework/src/Illuminate/Database/Connectors/Connector.php(70): PDO->__construct()
#1 /home/u932256864/domains/b2bdigitize.com/public_html/salary/vendor/laravel/framework/src/Illuminate/Database/Connectors/Connector.php(45): Illuminate\\Database\\Connectors\\Connector->createPdoConnection()
#2 /home/u932256864/domains/b2bdigitize.com/public_html/salary/vendor/laravel/framework/src/Illuminate/Database/Connectors/MySqlConnector.php(24): Illuminate\\Database\\Connectors\\Connector->createConnection()
#3 /home/u932256864/domains/b2bdigitize.com/public_html/salary/vendor/laravel/framework/src/Illuminate/Database/Connectors/ConnectionFactory.php(184): Illuminate\\Database\\Connectors\\MySqlConnector->connect()
#4 [internal function]: Illuminate\\Database\\Connectors\\ConnectionFactory->Illuminate\\Database\\Connectors\\{closure}()
#5 /home/u932256864/domains/b2bdigitize.com/public_html/salary/vendor/laravel/framework/src/Illuminate/Database/Connection.php(1064): call_user_func()
#6 /home/u932256864/domains/b2bdigitize.com/public_html/salary/vendor/laravel/framework/src/Illuminate/Database/Connection.php(1100): Illuminate\\Database\\Connection->getPdo()
#7 /home/u932256864/domains/b2bdigitize.com/public_html/salary/vendor/laravel/framework/src/Illuminate/Database/Connection.php(442): Illuminate\\Database\\Connection->getReadPdo()
#8 /home/u932256864/domains/b2bdigitize.com/public_html/salary/vendor/laravel/framework/src/Illuminate/Database/Connection.php(368): Illuminate\\Database\\Connection->getPdoForSelect()
#9 /home/u932256864/domains/b2bdigitize.com/public_html/salary/vendor/laravel/framework/src/Illuminate/Database/Connection.php(705): Illuminate\\Database\\Connection->Illuminate\\Database\\{closure}()
#10 /home/u932256864/domains/b2bdigitize.com/public_html/salary/vendor/laravel/framework/src/Illuminate/Database/Connection.php(672): Illuminate\\Database\\Connection->runQueryCallback()
#11 /home/u932256864/domains/b2bdigitize.com/public_html/salary/vendor/laravel/framework/src/Illuminate/Database/Connection.php(359): Illuminate\\Database\\Connection->run()
#12 /home/u932256864/domains/b2bdigitize.com/public_html/salary/vendor/laravel/framework/src/Illuminate/Database/Query/Builder.php(2413): Illuminate\\Database\\Connection->select()
#13 /home/u932256864/domains/b2bdigitize.com/public_html/salary/vendor/laravel/framework/src/Illuminate/Database/Query/Builder.php(2402): Illuminate\\Database\\Query\\Builder->runSelect()
#14 /home/u932256864/domains/b2bdigitize.com/public_html/salary/vendor/laravel/framework/src/Illuminate/Database/Query/Builder.php(2936): Illuminate\\Database\\Query\\Builder->Illuminate\\Database\\Query\\{closure}()
#15 /home/u932256864/domains/b2bdigitize.com/public_html/salary/vendor/laravel/framework/src/Illuminate/Database/Query/Builder.php(2401): Illuminate\\Database\\Query\\Builder->onceWithColumns()
#16 /home/u932256864/domains/b2bdigitize.com/public_html/salary/vendor/laravel/framework/src/Illuminate/Database/Eloquent/Builder.php(625): Illuminate\\Database\\Query\\Builder->get()
#17 /home/u932256864/domains/b2bdigitize.com/public_html/salary/vendor/laravel/framework/src/Illuminate/Database/Eloquent/Builder.php(609): Illuminate\\Database\\Eloquent\\Builder->getModels()
#18 /home/u932256864/domains/b2bdigitize.com/public_html/salary/vendor/laravel/framework/src/Illuminate/Support/Traits/ForwardsCalls.php(23): Illuminate\\Database\\Eloquent\\Builder->get()
#19 /home/u932256864/domains/b2bdigitize.com/public_html/salary/vendor/laravel/framework/src/Illuminate/Database/Eloquent/Model.php(2132): Illuminate\\Database\\Eloquent\\Model->forwardCallTo()
#20 /home/u932256864/domains/b2bdigitize.com/public_html/salary/vendor/laravel/framework/src/Illuminate/Database/Eloquent/Model.php(2144): Illuminate\\Database\\Eloquent\\Model->__call()
#21 /home/u932256864/domains/b2bdigitize.com/public_html/salary/app/Providers/PermissionsServiceProvider.php(29): Illuminate\\Database\\Eloquent\\Model::__callStatic()
#22 /home/u932256864/domains/b2bdigitize.com/public_html/salary/vendor/laravel/framework/src/Illuminate/Container/BoundMethod.php(36): App\\Providers\\PermissionsServiceProvider->boot()
#23 /home/u932256864/domains/b2bdigitize.com/public_html/salary/vendor/laravel/framework/src/Illuminate/Container/Util.php(40): Illuminate\\Container\\BoundMethod::Illuminate\\Container\\{closure}()
#24 /home/u932256864/domains/b2bdigitize.com/public_html/salary/vendor/laravel/framework/src/Illuminate/Container/BoundMethod.php(93): Illuminate\\Container\\Util::unwrapIfClosure()
#25 /home/u932256864/domains/b2bdigitize.com/public_html/salary/vendor/laravel/framework/src/Illuminate/Container/BoundMethod.php(35): Illuminate\\Container\\BoundMethod::callBoundMethod()
#26 /home/u932256864/domains/b2bdigitize.com/public_html/salary/vendor/laravel/framework/src/Illuminate/Container/Container.php(653): Illuminate\\Container\\BoundMethod::call()
#27 /home/u932256864/domains/b2bdigitize.com/public_html/salary/vendor/laravel/framework/src/Illuminate/Foundation/Application.php(924): Illuminate\\Container\\Container->call()
#28 /home/u932256864/domains/b2bdigitize.com/public_html/salary/vendor/laravel/framework/src/Illuminate/Foundation/Application.php(905): Illuminate\\Foundation\\Application->bootProvider()
#29 [internal function]: Illuminate\\Foundation\\Application->Illuminate\\Foundation\\{closure}()
#30 /home/u932256864/domains/b2bdigitize.com/public_html/salary/vendor/laravel/framework/src/Illuminate/Foundation/Application.php(904): array_walk()
#31 /home/u932256864/domains/b2bdigitize.com/public_html/salary/vendor/laravel/framework/src/Illuminate/Foundation/Bootstrap/BootProviders.php(17): Illuminate\\Foundation\\Application->boot()
#32 /home/u932256864/domains/b2bdigitize.com/public_html/salary/vendor/laravel/framework/src/Illuminate/Foundation/Application.php(237): Illuminate\\Foundation\\Bootstrap\\BootProviders->bootstrap()
#33 /home/u932256864/domains/b2bdigitize.com/public_html/salary/vendor/laravel/framework/src/Illuminate/Foundation/Console/Kernel.php(310): Illuminate\\Foundation\\Application->bootstrapWith()
#34 /home/u932256864/domains/b2bdigitize.com/public_html/salary/vendor/laravel/framework/src/Illuminate/Foundation/Console/Kernel.php(127): Illuminate\\Foundation\\Console\\Kernel->bootstrap()
#35 /home/u932256864/domains/b2bdigitize.com/public_html/salary/artisan(35): Illuminate\\Foundation\\Console\\Kernel->handle()
#36 {main}
"} 
[2024-03-11 14:16:53] local.ERROR: SQLSTATE[HY000] [1045] Access denied for user 'root'@'localhost' (using password: NO) (SQL: select * from `permissions`) {"exception":"[object] (Illuminate\\Database\\QueryException(code: 1045): SQLSTATE[HY000] [1045] Access denied for user 'root'@'localhost' (using password: NO) (SQL: select * from `permissions`) at /home/u932256864/domains/b2bdigitize.com/public_html/salary/vendor/laravel/framework/src/Illuminate/Database/Connection.php:712)
[stacktrace]
#0 /home/u932256864/domains/b2bdigitize.com/public_html/salary/vendor/laravel/framework/src/Illuminate/Database/Connection.php(672): Illuminate\\Database\\Connection->runQueryCallback()
#1 /home/u932256864/domains/b2bdigitize.com/public_html/salary/vendor/laravel/framework/src/Illuminate/Database/Connection.php(359): Illuminate\\Database\\Connection->run()
#2 /home/u932256864/domains/b2bdigitize.com/public_html/salary/vendor/laravel/framework/src/Illuminate/Database/Query/Builder.php(2413): Illuminate\\Database\\Connection->select()
#3 /home/u932256864/domains/b2bdigitize.com/public_html/salary/vendor/laravel/framework/src/Illuminate/Database/Query/Builder.php(2402): Illuminate\\Database\\Query\\Builder->runSelect()
#4 /home/u932256864/domains/b2bdigitize.com/public_html/salary/vendor/laravel/framework/src/Illuminate/Database/Query/Builder.php(2936): Illuminate\\Database\\Query\\Builder->Illuminate\\Database\\Query\\{closure}()
#5 /home/u932256864/domains/b2bdigitize.com/public_html/salary/vendor/laravel/framework/src/Illuminate/Database/Query/Builder.php(2401): Illuminate\\Database\\Query\\Builder->onceWithColumns()
#6 /home/u932256864/domains/b2bdigitize.com/public_html/salary/vendor/laravel/framework/src/Illuminate/Database/Eloquent/Builder.php(625): Illuminate\\Database\\Query\\Builder->get()
#7 /home/u932256864/domains/b2bdigitize.com/public_html/salary/vendor/laravel/framework/src/Illuminate/Database/Eloquent/Builder.php(609): Illuminate\\Database\\Eloquent\\Builder->getModels()
#8 /home/u932256864/domains/b2bdigitize.com/public_html/salary/vendor/laravel/framework/src/Illuminate/Support/Traits/ForwardsCalls.php(23): Illuminate\\Database\\Eloquent\\Builder->get()
#9 /home/u932256864/domains/b2bdigitize.com/public_html/salary/vendor/laravel/framework/src/Illuminate/Database/Eloquent/Model.php(2132): Illuminate\\Database\\Eloquent\\Model->forwardCallTo()
#10 /home/u932256864/domains/b2bdigitize.com/public_html/salary/vendor/laravel/framework/src/Illuminate/Database/Eloquent/Model.php(2144): Illuminate\\Database\\Eloquent\\Model->__call()
#11 /home/u932256864/domains/b2bdigitize.com/public_html/salary/app/Providers/PermissionsServiceProvider.php(29): Illuminate\\Database\\Eloquent\\Model::__callStatic()
#12 /home/u932256864/domains/b2bdigitize.com/public_html/salary/vendor/laravel/framework/src/Illuminate/Container/BoundMethod.php(36): App\\Providers\\PermissionsServiceProvider->boot()
#13 /home/u932256864/domains/b2bdigitize.com/public_html/salary/vendor/laravel/framework/src/Illuminate/Container/Util.php(40): Illuminate\\Container\\BoundMethod::Illuminate\\Container\\{closure}()
#14 /home/u932256864/domains/b2bdigitize.com/public_html/salary/vendor/laravel/framework/src/Illuminate/Container/BoundMethod.php(93): Illuminate\\Container\\Util::unwrapIfClosure()
#15 /home/u932256864/domains/b2bdigitize.com/public_html/salary/vendor/laravel/framework/src/Illuminate/Container/BoundMethod.php(35): Illuminate\\Container\\BoundMethod::callBoundMethod()
#16 /home/u932256864/domains/b2bdigitize.com/public_html/salary/vendor/laravel/framework/src/Illuminate/Container/Container.php(653): Illuminate\\Container\\BoundMethod::call()
#17 /home/u932256864/domains/b2bdigitize.com/public_html/salary/vendor/laravel/framework/src/Illuminate/Foundation/Application.php(924): Illuminate\\Container\\Container->call()
#18 /home/u932256864/domains/b2bdigitize.com/public_html/salary/vendor/laravel/framework/src/Illuminate/Foundation/Application.php(905): Illuminate\\Foundation\\Application->bootProvider()
#19 [internal function]: Illuminate\\Foundation\\Application->Illuminate\\Foundation\\{closure}()
#20 /home/u932256864/domains/b2bdigitize.com/public_html/salary/vendor/laravel/framework/src/Illuminate/Foundation/Application.php(904): array_walk()
#21 /home/u932256864/domains/b2bdigitize.com/public_html/salary/vendor/laravel/framework/src/Illuminate/Foundation/Bootstrap/BootProviders.php(17): Illuminate\\Foundation\\Application->boot()
#22 /home/u932256864/domains/b2bdigitize.com/public_html/salary/vendor/laravel/framework/src/Illuminate/Foundation/Application.php(237): Illuminate\\Foundation\\Bootstrap\\BootProviders->bootstrap()
#23 /home/u932256864/domains/b2bdigitize.com/public_html/salary/vendor/laravel/framework/src/Illuminate/Foundation/Console/Kernel.php(310): Illuminate\\Foundation\\Application->bootstrapWith()
#24 /home/u932256864/domains/b2bdigitize.com/public_html/salary/vendor/laravel/framework/src/Illuminate/Foundation/Console/Kernel.php(127): Illuminate\\Foundation\\Console\\Kernel->bootstrap()
#25 /home/u932256864/domains/b2bdigitize.com/public_html/salary/artisan(35): Illuminate\\Foundation\\Console\\Kernel->handle()
#26 {main}

[previous exception] [object] (PDOException(code: 1045): SQLSTATE[HY000] [1045] Access denied for user 'root'@'localhost' (using password: NO) at /home/u932256864/domains/b2bdigitize.com/public_html/salary/vendor/laravel/framework/src/Illuminate/Database/Connectors/Connector.php:70)
[stacktrace]
#0 /home/u932256864/domains/b2bdigitize.com/public_html/salary/vendor/laravel/framework/src/Illuminate/Database/Connectors/Connector.php(70): PDO->__construct()
#1 /home/u932256864/domains/b2bdigitize.com/public_html/salary/vendor/laravel/framework/src/Illuminate/Database/Connectors/Connector.php(45): Illuminate\\Database\\Connectors\\Connector->createPdoConnection()
#2 /home/u932256864/domains/b2bdigitize.com/public_html/salary/vendor/laravel/framework/src/Illuminate/Database/Connectors/MySqlConnector.php(24): Illuminate\\Database\\Connectors\\Connector->createConnection()
#3 /home/u932256864/domains/b2bdigitize.com/public_html/salary/vendor/laravel/framework/src/Illuminate/Database/Connectors/ConnectionFactory.php(184): Illuminate\\Database\\Connectors\\MySqlConnector->connect()
#4 [internal function]: Illuminate\\Database\\Connectors\\ConnectionFactory->Illuminate\\Database\\Connectors\\{closure}()
#5 /home/u932256864/domains/b2bdigitize.com/public_html/salary/vendor/laravel/framework/src/Illuminate/Database/Connection.php(1064): call_user_func()
#6 /home/u932256864/domains/b2bdigitize.com/public_html/salary/vendor/laravel/framework/src/Illuminate/Database/Connection.php(1100): Illuminate\\Database\\Connection->getPdo()
#7 /home/u932256864/domains/b2bdigitize.com/public_html/salary/vendor/laravel/framework/src/Illuminate/Database/Connection.php(442): Illuminate\\Database\\Connection->getReadPdo()
#8 /home/u932256864/domains/b2bdigitize.com/public_html/salary/vendor/laravel/framework/src/Illuminate/Database/Connection.php(368): Illuminate\\Database\\Connection->getPdoForSelect()
#9 /home/u932256864/domains/b2bdigitize.com/public_html/salary/vendor/laravel/framework/src/Illuminate/Database/Connection.php(705): Illuminate\\Database\\Connection->Illuminate\\Database\\{closure}()
#10 /home/u932256864/domains/b2bdigitize.com/public_html/salary/vendor/laravel/framework/src/Illuminate/Database/Connection.php(672): Illuminate\\Database\\Connection->runQueryCallback()
#11 /home/u932256864/domains/b2bdigitize.com/public_html/salary/vendor/laravel/framework/src/Illuminate/Database/Connection.php(359): Illuminate\\Database\\Connection->run()
#12 /home/u932256864/domains/b2bdigitize.com/public_html/salary/vendor/laravel/framework/src/Illuminate/Database/Query/Builder.php(2413): Illuminate\\Database\\Connection->select()
#13 /home/u932256864/domains/b2bdigitize.com/public_html/salary/vendor/laravel/framework/src/Illuminate/Database/Query/Builder.php(2402): Illuminate\\Database\\Query\\Builder->runSelect()
#14 /home/u932256864/domains/b2bdigitize.com/public_html/salary/vendor/laravel/framework/src/Illuminate/Database/Query/Builder.php(2936): Illuminate\\Database\\Query\\Builder->Illuminate\\Database\\Query\\{closure}()
#15 /home/u932256864/domains/b2bdigitize.com/public_html/salary/vendor/laravel/framework/src/Illuminate/Database/Query/Builder.php(2401): Illuminate\\Database\\Query\\Builder->onceWithColumns()
#16 /home/u932256864/domains/b2bdigitize.com/public_html/salary/vendor/laravel/framework/src/Illuminate/Database/Eloquent/Builder.php(625): Illuminate\\Database\\Query\\Builder->get()
#17 /home/u932256864/domains/b2bdigitize.com/public_html/salary/vendor/laravel/framework/src/Illuminate/Database/Eloquent/Builder.php(609): Illuminate\\Database\\Eloquent\\Builder->getModels()
#18 /home/u932256864/domains/b2bdigitize.com/public_html/salary/vendor/laravel/framework/src/Illuminate/Support/Traits/ForwardsCalls.php(23): Illuminate\\Database\\Eloquent\\Builder->get()
#19 /home/u932256864/domains/b2bdigitize.com/public_html/salary/vendor/laravel/framework/src/Illuminate/Database/Eloquent/Model.php(2132): Illuminate\\Database\\Eloquent\\Model->forwardCallTo()
#20 /home/u932256864/domains/b2bdigitize.com/public_html/salary/vendor/laravel/framework/src/Illuminate/Database/Eloquent/Model.php(2144): Illuminate\\Database\\Eloquent\\Model->__call()
#21 /home/u932256864/domains/b2bdigitize.com/public_html/salary/app/Providers/PermissionsServiceProvider.php(29): Illuminate\\Database\\Eloquent\\Model::__callStatic()
#22 /home/u932256864/domains/b2bdigitize.com/public_html/salary/vendor/laravel/framework/src/Illuminate/Container/BoundMethod.php(36): App\\Providers\\PermissionsServiceProvider->boot()
#23 /home/u932256864/domains/b2bdigitize.com/public_html/salary/vendor/laravel/framework/src/Illuminate/Container/Util.php(40): Illuminate\\Container\\BoundMethod::Illuminate\\Container\\{closure}()
#24 /home/u932256864/domains/b2bdigitize.com/public_html/salary/vendor/laravel/framework/src/Illuminate/Container/BoundMethod.php(93): Illuminate\\Container\\Util::unwrapIfClosure()
#25 /home/u932256864/domains/b2bdigitize.com/public_html/salary/vendor/laravel/framework/src/Illuminate/Container/BoundMethod.php(35): Illuminate\\Container\\BoundMethod::callBoundMethod()
#26 /home/u932256864/domains/b2bdigitize.com/public_html/salary/vendor/laravel/framework/src/Illuminate/Container/Container.php(653): Illuminate\\Container\\BoundMethod::call()
#27 /home/u932256864/domains/b2bdigitize.com/public_html/salary/vendor/laravel/framework/src/Illuminate/Foundation/Application.php(924): Illuminate\\Container\\Container->call()
#28 /home/u932256864/domains/b2bdigitize.com/public_html/salary/vendor/laravel/framework/src/Illuminate/Foundation/Application.php(905): Illuminate\\Foundation\\Application->bootProvider()
#29 [internal function]: Illuminate\\Foundation\\Application->Illuminate\\Foundation\\{closure}()
#30 /home/u932256864/domains/b2bdigitize.com/public_html/salary/vendor/laravel/framework/src/Illuminate/Foundation/Application.php(904): array_walk()
#31 /home/u932256864/domains/b2bdigitize.com/public_html/salary/vendor/laravel/framework/src/Illuminate/Foundation/Bootstrap/BootProviders.php(17): Illuminate\\Foundation\\Application->boot()
#32 /home/u932256864/domains/b2bdigitize.com/public_html/salary/vendor/laravel/framework/src/Illuminate/Foundation/Application.php(237): Illuminate\\Foundation\\Bootstrap\\BootProviders->bootstrap()
#33 /home/u932256864/domains/b2bdigitize.com/public_html/salary/vendor/laravel/framework/src/Illuminate/Foundation/Console/Kernel.php(310): Illuminate\\Foundation\\Application->bootstrapWith()
#34 /home/u932256864/domains/b2bdigitize.com/public_html/salary/vendor/laravel/framework/src/Illuminate/Foundation/Console/Kernel.php(127): Illuminate\\Foundation\\Console\\Kernel->bootstrap()
#35 /home/u932256864/domains/b2bdigitize.com/public_html/salary/artisan(35): Illuminate\\Foundation\\Console\\Kernel->handle()
#36 {main}
"} 
